<?xml version="1.0" encoding="UTF-8"?>
<!-- Generated by org.testng.reporters.JUnitXMLReporter -->
<testsuite ignored="0" hostname="WIN-M0MKCRCRNUL" failures="0" tests="3" name="Test" time="38.496" errors="0" timestamp="2019-12-29T21:08:36 MSK">
  <testcase classname="remoteTesting.dockerValidation.ChromeTest1" name="test1" time="8.747"/>
  <testcase classname="remoteTesting.dockerValidation.ChromeTest2" name="test2" time="13.803"/>
  <testcase classname="remoteTesting.dockerValidation.ChromeTest3" name="test3" time="21.14"/>
</testsuite> <!-- Test -->
