<?xml version="1.0" encoding="UTF-8"?>
<testng-results ignored="0" total="3" passed="3" failed="0" skipped="0">
  <reporter-output>
  </reporter-output>
  <suite started-at="2019-12-29T21:07:57 MSK" name="Suite" finished-at="2019-12-29T21:08:36 MSK" duration-ms="38496">
    <groups>
    </groups>
    <test started-at="2019-12-29T21:07:57 MSK" name="Test" finished-at="2019-12-29T21:08:36 MSK" duration-ms="38496">
      <class name="remoteTesting.dockerValidation.ChromeTest3">
        <test-method signature="test3()[pri:0, instance:remoteTesting.dockerValidation.ChromeTest3@50caa560]" started-at="2019-12-29T21:08:11 MSK" name="test3" finished-at="2019-12-29T21:08:32 MSK" duration-ms="21140" status="PASS">
          <reporter-output>
          </reporter-output>
        </test-method> <!-- test3 -->
      </class> <!-- remoteTesting.dockerValidation.ChromeTest3 -->
      <class name="remoteTesting.dockerValidation.ChromeTest1">
        <test-method is-config="true" signature="startDockerScale()[pri:0, instance:remoteTesting.dockerValidation.ChromeTest1@f2ff811]" started-at="2019-12-29T21:07:57 MSK" name="startDockerScale" finished-at="2019-12-29T21:08:11 MSK" duration-ms="13489" status="PASS">
          <reporter-output>
          </reporter-output>
        </test-method> <!-- startDockerScale -->
        <test-method signature="test1()[pri:0, instance:remoteTesting.dockerValidation.ChromeTest1@f2ff811]" started-at="2019-12-29T21:08:11 MSK" name="test1" finished-at="2019-12-29T21:08:20 MSK" duration-ms="8747" status="PASS">
          <reporter-output>
          </reporter-output>
        </test-method> <!-- test1 -->
        <test-method is-config="true" signature="stopDockerDeleteFile()[pri:0, instance:remoteTesting.dockerValidation.ChromeTest1@f2ff811]" started-at="2019-12-29T21:08:32 MSK" name="stopDockerDeleteFile" finished-at="2019-12-29T21:08:36 MSK" duration-ms="3808" status="PASS">
          <reporter-output>
          </reporter-output>
        </test-method> <!-- stopDockerDeleteFile -->
      </class> <!-- remoteTesting.dockerValidation.ChromeTest1 -->
      <class name="remoteTesting.dockerValidation.ChromeTest2">
        <test-method signature="test2()[pri:0, instance:remoteTesting.dockerValidation.ChromeTest2@568ff82]" started-at="2019-12-29T21:08:11 MSK" name="test2" finished-at="2019-12-29T21:08:25 MSK" duration-ms="13803" status="PASS">
          <reporter-output>
          </reporter-output>
        </test-method> <!-- test2 -->
      </class> <!-- remoteTesting.dockerValidation.ChromeTest2 -->
    </test> <!-- Test -->
  </suite> <!-- Suite -->
</testng-results>
